#
# There is insufficient memory for the Java Runtime Environment to continue.
# Native memory allocation (mmap) failed to map 67108864 bytes for G1 virtual space
# Possible reasons:
#   The system is out of physical RAM or swap space
#   The process is running with CompressedOops enabled, and the Java Heap may be blocking the growth of the native heap
# Possible solutions:
#   Reduce memory load on the system
#   Increase physical memory or swap space
#   Check if swap backing store is full
#   Decrease Java heap size (-Xmx/-Xms)
#   Decrease number of Java threads
#   Decrease Java thread stack sizes (-Xss)
#   Set larger code cache with -XX:ReservedCodeCacheSize=
#   JVM is running with Unscaled Compressed Oops mode in which the Java heap is
#     placed in the first 4GB address space. The Java Heap base address is the
#     maximum limit for the native heap growth. Please use -XX:HeapBaseMinAddress
#     to set the Java Heap base and to place the Java Heap above 4GB virtual address.
# This output file may be truncated or incomplete.
#
#  Out of Memory Error (./src/hotspot/os/windows/os_windows.cpp:3321), pid=16324, tid=17392
#
# JRE version:  (15.0.2+7) (build )
# Java VM: OpenJDK 64-Bit Server VM (15.0.2+7, mixed mode, sharing, tiered, compressed oops, g1 gc, windows-amd64)
# No core dump will be written. Minidumps are not enabled by default on client versions of Windows
#

---------------  S U M M A R Y ------------

Command Line: -XX:+ShowCodeDetailsInExceptionMessages -Dfile.encoding=UTF-8 org.mql.crowddonating.AppConfig

Host: Intel(R) Core(TM) i5-4310U CPU @ 2.00GHz, 4 cores, 3G,  Windows 10 , 64 bit Build 18362 (10.0.18362.329)
Time: Sat May  1 11:37:17 2021 Paris, Madrid (heure d?été) elapsed time: 0.029318 seconds (0d 0h 0m 0s)

---------------  T H R E A D  ---------------

Current thread (0x000001b2305cca20):  JavaThread "Unknown thread" [_thread_in_vm, id=17392, stack(0x000000574e000000,0x000000574e100000)]

Stack: [0x000000574e000000,0x000000574e100000]
Native frames: (J=compiled Java code, j=interpreted, Vv=VM code, C=native code)
V  [jvm.dll+0x5f7a3a]
V  [jvm.dll+0x796fe9]
V  [jvm.dll+0x798743]
V  [jvm.dll+0x798d93]
V  [jvm.dll+0x1fc4f8]
V  [jvm.dll+0x5f4d8a]
V  [jvm.dll+0x5e9b75]
V  [jvm.dll+0x2b5c2d]
V  [jvm.dll+0x2b5a92]
V  [jvm.dll+0x2bb8fc]
V  [jvm.dll+0x307708]
V  [jvm.dll+0x306dc4]
V  [jvm.dll+0x28cd5a]
V  [jvm.dll+0x28dec0]
V  [jvm.dll+0x7749c1]
V  [jvm.dll+0x315624]
V  [jvm.dll+0x755d2c]
V  [jvm.dll+0x3930af]
V  [jvm.dll+0x394d51]
C  [jli.dll+0x5243]
C  [ucrtbase.dll+0x20e72]
C  [KERNEL32.DLL+0x17bd4]
C  [ntdll.dll+0x6ced1]


---------------  P R O C E S S  ---------------

Threads class SMR info:
_java_thread_list=0x00007ffb47720a90, length=0, elements={
}

Java Threads: ( => current thread )

Other Threads:
  0x000001b2305faae0 GCTaskThread "GC Thread#0" [stack: 0x000000574e100000,0x000000574e200000] [id=6852]
  0x000001b230605920 ConcurrentGCThread "G1 Main Marker" [stack: 0x000000574e200000,0x000000574e300000] [id=16468]
  0x000001b2306064a0 ConcurrentGCThread "G1 Conc#0" [stack: 0x000000574e300000,0x000000574e400000] [id=16488]

[error occurred during error reporting (printing all threads), id 0xc0000005, EXCEPTION_ACCESS_VIOLATION (0xc0000005) at pc=0x00007ffb46ecde47]

VM state: not at safepoint (not fully initialized)

VM Mutex/Monitor currently owned by a thread:  ([mutex/lock_event])
[0x000001b2305c8a80] Heap_lock - owner thread: 0x000001b2305cca20

Heap address: 0x00000000c1e00000, size: 994 MB, Compressed Oops mode: 32-bit
CDS archive(s) mapped at: [0x0000000000000000-0x0000000000000000-0x0000000000000000), size 0, SharedBaseAddress: 0x0000000800000000, ArchiveRelocationMode: 0.
Narrow klass base: 0x0000000000000000, Narrow klass shift: 0, Narrow klass range: 0x0

Heap:
 garbage-first heap   total 65536K, used 0K [0x00000000c1e00000, 0x0000000100000000)
  region size 1024K, 0 young (0K), 0 survivors (0K)
 Metaspace       used 0K, capacity 0K, committed 0K, reserved 0K
  class space    used 0K, capacity 0K, committed 0K, reserved 0K

Heap Regions: E=young(eden), S=young(survivor), O=old, HS=humongous(starts), HC=humongous(continues), CS=collection set, F=free, OA=open archive, CA=closed archive, TAMS=top-at-mark-start (previous, next)

Card table byte_map: [0x000001b247cc0000,0x000001b247ec0000] _byte_map_base: 0x000001b2476b1000

Marking Bits (Prev, Next): (CMBitMap*) 0x000001b2305fd280, (CMBitMap*) 0x000001b2305fd2c0
 Prev Bits: [0x000001b2480c0000, 0x000001b249048000)
 Next Bits: [0x000001b249050000, 0x000001b249fd8000)

GC Heap History (0 events):
No events

Deoptimization events (0 events):
No events

Classes unloaded (0 events):
No events

Classes redefined (0 events):
No events

Internal exceptions (0 events):
No events

Events (1 events):
Event: 0.007 Loaded shared library C:\Program Files\AdoptOpenJDK\jdk-15.0.2.7-hotspot\bin\java.dll


Dynamic libraries:
0x00007ff6b4190000 - 0x00007ff6b419d000 	C:\Program Files\AdoptOpenJDK\jdk-15.0.2.7-hotspot\bin\java.exe
0x00007ffb85100000 - 0x00007ffb852f0000 	C:\Windows\SYSTEM32\ntdll.dll
0x00007ffb842a0000 - 0x00007ffb84352000 	C:\Windows\System32\KERNEL32.DLL
0x00007ffb82c70000 - 0x00007ffb82f13000 	C:\Windows\System32\KERNELBASE.dll
0x00007ffb82ab0000 - 0x00007ffb82baa000 	C:\Windows\System32\ucrtbase.dll
0x00007ffb79400000 - 0x00007ffb79418000 	C:\Program Files\AdoptOpenJDK\jdk-15.0.2.7-hotspot\bin\jli.dll
0x00007ffb849d0000 - 0x00007ffb84b64000 	C:\Windows\System32\USER32.dll
0x00007ffb75790000 - 0x00007ffb757a5000 	C:\Program Files\AdoptOpenJDK\jdk-15.0.2.7-hotspot\bin\VCRUNTIME140.dll
0x00007ffb82160000 - 0x00007ffb82181000 	C:\Windows\System32\win32u.dll
0x00007ffb84010000 - 0x00007ffb84036000 	C:\Windows\System32\GDI32.dll
0x00007ffb82910000 - 0x00007ffb82aa4000 	C:\Windows\System32\gdi32full.dll
0x00007ffb735c0000 - 0x00007ffb73845000 	C:\Windows\WinSxS\amd64_microsoft.windows.common-controls_6595b64144ccf1df_6.0.18362.418_none_e6c6b287130d565d\COMCTL32.dll
0x00007ffb82bb0000 - 0x00007ffb82c4e000 	C:\Windows\System32\msvcp_win.dll
0x00007ffb832e0000 - 0x00007ffb8337e000 	C:\Windows\System32\msvcrt.dll
0x00007ffb83cd0000 - 0x00007ffb84006000 	C:\Windows\System32\combase.dll
0x00007ffb84c30000 - 0x00007ffb84d50000 	C:\Windows\System32\RPCRT4.dll
0x00007ffb820e0000 - 0x00007ffb82160000 	C:\Windows\System32\bcryptPrimitives.dll
0x00007ffb83190000 - 0x00007ffb831be000 	C:\Windows\System32\IMM32.DLL
0x00007ffb6a6f0000 - 0x00007ffb6a78b000 	C:\Program Files\AdoptOpenJDK\jdk-15.0.2.7-hotspot\bin\msvcp140.dll
0x00007ffb46c30000 - 0x00007ffb477bf000 	C:\Program Files\AdoptOpenJDK\jdk-15.0.2.7-hotspot\bin\server\jvm.dll
0x00007ffb83a70000 - 0x00007ffb83b13000 	C:\Windows\System32\ADVAPI32.dll
0x00007ffb831c0000 - 0x00007ffb83257000 	C:\Windows\System32\sechost.dll
0x00007ffb841c0000 - 0x00007ffb841c8000 	C:\Windows\System32\PSAPI.DLL
0x00007ffb76f50000 - 0x00007ffb76f5a000 	C:\Windows\SYSTEM32\VERSION.dll
0x00007ffb6ca90000 - 0x00007ffb6ca99000 	C:\Windows\SYSTEM32\WSOCK32.dll
0x00007ffb7e930000 - 0x00007ffb7e954000 	C:\Windows\SYSTEM32\WINMM.dll
0x00007ffb84360000 - 0x00007ffb843cf000 	C:\Windows\System32\WS2_32.dll
0x00007ffb7e900000 - 0x00007ffb7e92d000 	C:\Windows\SYSTEM32\winmmbase.dll
0x00007ffb82060000 - 0x00007ffb820aa000 	C:\Windows\System32\cfgmgr32.dll
0x00007ffb82040000 - 0x00007ffb82051000 	C:\Windows\System32\kernel.appcore.dll
0x00007ffb7a8f0000 - 0x00007ffb7a8fa000 	C:\Program Files\AdoptOpenJDK\jdk-15.0.2.7-hotspot\bin\jimage.dll
0x00007ffb70fc0000 - 0x00007ffb711b4000 	C:\Windows\SYSTEM32\DBGHELP.DLL
0x00007ffb70f40000 - 0x00007ffb70f6a000 	C:\Windows\SYSTEM32\dbgcore.DLL
0x00007ffb74d20000 - 0x00007ffb74d45000 	C:\Program Files\AdoptOpenJDK\jdk-15.0.2.7-hotspot\bin\java.dll

dbghelp: loaded successfully - version: 4.0.5 - missing functions: none
symbol engine: initialized successfully - sym options: 0x614 - pdb path: .;C:\Program Files\AdoptOpenJDK\jdk-15.0.2.7-hotspot\bin;C:\Windows\SYSTEM32;C:\Windows\WinSxS\amd64_microsoft.windows.common-controls_6595b64144ccf1df_6.0.18362.418_none_e6c6b287130d565d;C:\Program Files\AdoptOpenJDK\jdk-15.0.2.7-hotspot\bin\server

VM Arguments:
jvm_args: -XX:+ShowCodeDetailsInExceptionMessages -Dfile.encoding=UTF-8 
java_command: org.mql.crowddonating.AppConfig
java_class_path (initial): C:\Users\PC\crowd-donating\target\classes;C:\Users\PC\.m2\repository\org\springframework\boot\spring-boot-starter-web\2.1.3.RELEASE\spring-boot-starter-web-2.1.3.RELEASE.jar;C:\Users\PC\.m2\repository\org\springframework\boot\spring-boot-starter\2.1.3.RELEASE\spring-boot-starter-2.1.3.RELEASE.jar;C:\Users\PC\.m2\repository\org\springframework\boot\spring-boot-starter-logging\2.1.3.RELEASE\spring-boot-starter-logging-2.1.3.RELEASE.jar;C:\Users\PC\.m2\repository\ch\qos\logback\logback-classic\1.2.3\logback-classic-1.2.3.jar;C:\Users\PC\.m2\repository\ch\qos\logback\logback-core\1.2.3\logback-core-1.2.3.jar;C:\Users\PC\.m2\repository\org\apache\logging\log4j\log4j-to-slf4j\2.11.2\log4j-to-slf4j-2.11.2.jar;C:\Users\PC\.m2\repository\org\apache\logging\log4j\log4j-api\2.11.2\log4j-api-2.11.2.jar;C:\Users\PC\.m2\repository\org\slf4j\jul-to-slf4j\1.7.25\jul-to-slf4j-1.7.25.jar;C:\Users\PC\.m2\repository\javax\annotation\javax.annotation-api\1.3.2\javax.annotation-api-1.3.2.jar;C:\Users\PC\.m2\repository\org\yaml\snakeyaml\1.23\snakeyaml-1.23.jar;C:\Users\PC\.m2\repository\org\springframework\boot\spring-boot-starter-json\2.1.3.RELEASE\spring-boot-starter-json-2.1.3.RELEASE.jar;C:\Users\PC\.m2\repository\com\fasterxml\jackson\core\jackson-databind\2.9.8\jackson-databind-2.9.8.jar;C:\Users\PC\.m2\repository\com\fasterxml\jackson\core\jackson-annotations\2.9.0\jackson-annotations-2.9.0.jar;C:\Users\PC\.m2\repository\com\fasterxml\jackson\core\jackson-core\2.9.8\jackson-core-2.9.8.jar;C:\Users\PC\.m2\repository\com\fasterxml\jackson\datatype\jackson-datatype-jdk8\2.9.8\jackson-datatype-jdk8-2.9.8.jar;C:\Users\PC\.m2\repository\com\fasterxml\jackson\datatype\jackson-datatype-jsr310\2.9.8\jackson-datatype-jsr310-2.9.8.jar;C:\Users\PC\.m2\repository\com\fasterxml\jackson\module\jackson-module-parameter-names\2.9.8\jackson-module-parameter-names-2.9.8.jar;C:\Users\PC\.m2\repository\org\springframework\boot\spring-boot-starter-tomcat\2.1.3.RELEASE\sprin
Launcher Type: SUN_STANDARD

[Global flags]
     intx CICompilerCount                          = 3                                         {product} {ergonomic}
     uint ConcGCThreads                            = 1                                         {product} {ergonomic}
     uint G1ConcRefinementThreads                  = 4                                         {product} {ergonomic}
   size_t G1HeapRegionSize                         = 1048576                                   {product} {ergonomic}
    uintx GCDrainStackTargetSize                   = 64                                        {product} {ergonomic}
   size_t InitialHeapSize                          = 67108864                                  {product} {ergonomic}
   size_t MarkStackSize                            = 4194304                                   {product} {ergonomic}
   size_t MaxHeapSize                              = 1042284544                                {product} {ergonomic}
   size_t MinHeapDeltaBytes                        = 1048576                                   {product} {ergonomic}
   size_t MinHeapSize                              = 8388608                                   {product} {ergonomic}
    uintx NonNMethodCodeHeapSize                   = 5832780                                {pd product} {ergonomic}
    uintx NonProfiledCodeHeapSize                  = 122912730                              {pd product} {ergonomic}
    uintx ProfiledCodeHeapSize                     = 122912730                              {pd product} {ergonomic}
    uintx ReservedCodeCacheSize                    = 251658240                              {pd product} {ergonomic}
     bool SegmentedCodeCache                       = true                                      {product} {ergonomic}
     bool ShowCodeDetailsInExceptionMessages       = true                                   {manageable} {command line}
   size_t SoftMaxHeapSize                          = 1042284544                             {manageable} {ergonomic}
     bool UseCompressedClassPointers               = true                                 {lp64_product} {ergonomic}
     bool UseCompressedOops                        = true                                 {lp64_product} {ergonomic}
     bool UseG1GC                                  = true                                      {product} {ergonomic}
     bool UseLargePagesIndividualAllocation        = false                                  {pd product} {ergonomic}

Logging:
Log output configuration:
 #0: stdout all=warning uptime,level,tags
 #1: stderr all=off uptime,level,tags

Environment Variables:
PATH=C:\app\nawal\product\12.1.0\dbhome_2\bin;C:\Program Files\AdoptOpenJDK\jdk-15.0.2.7-hotspot\bin;C:\Program Files (x86)\Common Files\Oracle\Java\javapath;C:\Windows\system32;C:\Windows;C:\Windows\System32\Wbem;C:\Windows\System32\WindowsPowerShell\v1.0\;C:\Windows\System32\OpenSSH\;C:\Program Files\Microsoft SQL Server\110\Tools\Binn\;C:\Program Files\php_8-0-3_fr_63296_64;C:\Program Files\MariaDB 10.5\bin;C:\Program Files\Apache Software Foundation\apache-maven-3.8.1\bin;C:\Program Files\Git\cmd;C:\Program Files\Java\jdk1.8.0_201\bin;C:\Users\PC\AppData\Local\Programs\Microsoft VS Code\bin;C:\Program Files\php_8-0-3_fr_63296_64;C:\Program Files\Apache Software Foundation\apache-maven-3.8.1\bin;
USERNAME=PC
OS=Windows_NT
PROCESSOR_IDENTIFIER=Intel64 Family 6 Model 69 Stepping 1, GenuineIntel



---------------  S Y S T E M  ---------------

OS:
 Windows 10 , 64 bit Build 18362 (10.0.18362.329)
OS uptime: 4 days 0:54 hours

CPU: total 4 (initial active 4) (2 cores per cpu, 2 threads per core) family 6 model 69 stepping 1 microcode 0x24, cmov, cx8, fxsr, mmx, sse, sse2, sse3, ssse3, sse4.1, sse4.2, popcnt, vzeroupper, avx, avx2, aes, clmul, erms, lzcnt, ht, tsc, tscinvbit, bmi1, bmi2, fma, clflush

Memory: 4k page, system-wide physical 3968M (586M free)
TotalPageFile size 7073M (AvailPageFile size 54M)
current process WorkingSet (physical memory assigned to process): 10M, peak: 10M
current process commit charge ("private bytes"): 52M, peak: 116M

vm_info: OpenJDK 64-Bit Server VM (15.0.2+7) for windows-amd64 JRE (15.0.2+7), built on Jan 21 2021 05:54:57 by "" with MS VC++ 15.9 (VS2017)

END.
